<?xml version="1.0" encoding="UTF-8"?>
<testng-results ignored="0" total="1" passed="1" failed="0" skipped="0">
  <reporter-output>
  </reporter-output>
  <suite started-at="2024-03-12T12:05:07 IST" name="Suite" finished-at="2024-03-12T12:05:40 IST" duration-ms="33550">
    <groups>
    </groups>
    <test started-at="2024-03-12T12:05:07 IST" name="Test" finished-at="2024-03-12T12:05:40 IST" duration-ms="33550">
      <class name="miniproject.NewTest">
        <test-method is-config="true" signature="beforeTest()[pri:0, instance:miniproject.NewTest@1cbbffcd]" started-at="2024-03-12T12:05:07 IST" name="beforeTest" finished-at="2024-03-12T12:05:26 IST" duration-ms="18706" status="PASS">
          <reporter-output>
          </reporter-output>
        </test-method> <!-- beforeTest -->
        <test-method signature="f()[pri:0, instance:miniproject.NewTest@1cbbffcd]" started-at="2024-03-12T12:05:26 IST" name="f" finished-at="2024-03-12T12:05:38 IST" duration-ms="12444" status="PASS">
          <reporter-output>
          </reporter-output>
        </test-method> <!-- f -->
        <test-method is-config="true" signature="afterTest()[pri:0, instance:miniproject.NewTest@1cbbffcd]" started-at="2024-03-12T12:05:38 IST" name="afterTest" finished-at="2024-03-12T12:05:40 IST" duration-ms="2322" status="PASS">
          <reporter-output>
          </reporter-output>
        </test-method> <!-- afterTest -->
      </class> <!-- miniproject.NewTest -->
    </test> <!-- Test -->
  </suite> <!-- Suite -->
</testng-results>
