<?xml version="1.0" encoding="UTF-8"?>
<testng-results ignored="0" total="1" passed="1" failed="0" skipped="0">
  <reporter-output>
  </reporter-output>
  <suite started-at="2024-04-09T10:37:52 IST" name="Default suite" finished-at="2024-04-09T10:38:18 IST" duration-ms="25233">
    <groups>
    </groups>
    <test started-at="2024-04-09T10:37:52 IST" name="Default test" finished-at="2024-04-09T10:38:18 IST" duration-ms="25233">
      <class name="miniproject.stage2project">
        <test-method is-config="true" signature="beforeTest()[pri:0, instance:miniproject.stage2project@2ef3eef9]" started-at="2024-04-09T10:37:52 IST" name="beforeTest" finished-at="2024-04-09T10:38:04 IST" duration-ms="11273" status="PASS">
          <reporter-output>
          </reporter-output>
        </test-method> <!-- beforeTest -->
        <test-method signature="test()[pri:0, instance:miniproject.stage2project@2ef3eef9]" started-at="2024-04-09T10:38:04 IST" name="test" finished-at="2024-04-09T10:38:15 IST" duration-ms="11503" status="PASS">
          <reporter-output>
          </reporter-output>
        </test-method> <!-- test -->
        <test-method is-config="true" signature="afterTest()[pri:0, instance:miniproject.stage2project@2ef3eef9]" started-at="2024-04-09T10:38:15 IST" name="afterTest" finished-at="2024-04-09T10:38:18 IST" duration-ms="2387" status="PASS">
          <reporter-output>
          </reporter-output>
        </test-method> <!-- afterTest -->
      </class> <!-- miniproject.stage2project -->
    </test> <!-- Default test -->
  </suite> <!-- Default suite -->
</testng-results>
